0 info it worked if it ends with ok
1 verbose cli [ '/usr/bin/nodejs', '/usr/bin/npm', 'install', '-g', 'bower' ]
2 info using npm@4.0.5
3 info using node@v7.4.0
4 silly loadCurrentTree Starting
5 silly install loadCurrentTree
6 silly install readGlobalPackageData
7 silly fetchPackageMetaData bower
8 silly fetchNamedPackageData bower
9 silly mapToRegistry name bower
10 silly mapToRegistry using default registry
11 silly mapToRegistry registry https://registry.npmjs.org/
12 silly mapToRegistry data Result {
12 silly mapToRegistry   raw: 'bower',
12 silly mapToRegistry   scope: null,
12 silly mapToRegistry   escapedName: 'bower',
12 silly mapToRegistry   name: 'bower',
12 silly mapToRegistry   rawSpec: '',
12 silly mapToRegistry   spec: 'latest',
12 silly mapToRegistry   type: 'tag' }
13 silly mapToRegistry uri https://registry.npmjs.org/bower
14 verbose request uri https://registry.npmjs.org/bower
15 verbose request no auth needed
16 info attempt registry request try #1 at 3:29:28 PM
17 verbose request id abb6e30136cbf237
18 verbose etag W/"586f63f7-2acc9"
19 verbose lastModified Fri, 06 Jan 2017 09:31:35 GMT
20 http request GET https://registry.npmjs.org/bower
21 http 304 https://registry.npmjs.org/bower
22 verbose headers { date: 'Fri, 06 Jan 2017 21:29:29 GMT',
22 verbose headers   via: '1.1 varnish',
22 verbose headers   'cache-control': 'max-age=300',
22 verbose headers   etag: 'W/"586f63f7-2acc9"',
22 verbose headers   age: '259',
22 verbose headers   connection: 'keep-alive',
22 verbose headers   'x-served-by': 'cache-ord1735-ORD',
22 verbose headers   'x-cache': 'HIT',
22 verbose headers   'x-cache-hits': '6',
22 verbose headers   'x-timer': 'S1483738169.014166,VS0,VE0',
22 verbose headers   vary: 'Accept-Encoding' }
23 silly get cb [ 304,
23 silly get   { date: 'Fri, 06 Jan 2017 21:29:29 GMT',
23 silly get     via: '1.1 varnish',
23 silly get     'cache-control': 'max-age=300',
23 silly get     etag: 'W/"586f63f7-2acc9"',
23 silly get     age: '259',
23 silly get     connection: 'keep-alive',
23 silly get     'x-served-by': 'cache-ord1735-ORD',
23 silly get     'x-cache': 'HIT',
23 silly get     'x-cache-hits': '6',
23 silly get     'x-timer': 'S1483738169.014166,VS0,VE0',
23 silly get     vary: 'Accept-Encoding' } ]
24 verbose etag https://registry.npmjs.org/bower from cache
25 verbose get saving bower to /home/david/.npm/registry.npmjs.org/bower/.cache.json
26 verbose correctMkdir /home/david/.npm correctMkdir not in flight; initializing
27 silly install normalizeTree
28 silly loadCurrentTree Finishing
29 silly loadIdealTree Starting
30 silly install loadIdealTree
31 silly cloneCurrentTree Starting
32 silly install cloneCurrentTreeToIdealTree
33 silly cloneCurrentTree Finishing
34 silly loadShrinkwrap Starting
35 silly install loadShrinkwrap
36 silly loadShrinkwrap Finishing
37 silly loadAllDepsIntoIdealTree Starting
38 silly install loadAllDepsIntoIdealTree
39 silly resolveWithNewModule bower@1.8.0 checking installable status
40 silly cache add args [ 'bower', null ]
41 verbose cache add spec bower
42 silly cache add parsed spec Result {
42 silly cache add   raw: 'bower',
42 silly cache add   scope: null,
42 silly cache add   escapedName: 'bower',
42 silly cache add   name: 'bower',
42 silly cache add   rawSpec: '',
42 silly cache add   spec: 'latest',
42 silly cache add   type: 'tag' }
43 silly addNamed bower@latest
44 verbose addNamed "latest" is being treated as a dist-tag for bower
45 info addNameTag [ 'bower', 'latest' ]
46 silly mapToRegistry name bower
47 silly mapToRegistry using default registry
48 silly mapToRegistry registry https://registry.npmjs.org/
49 silly mapToRegistry data Result {
49 silly mapToRegistry   raw: 'bower',
49 silly mapToRegistry   scope: null,
49 silly mapToRegistry   escapedName: 'bower',
49 silly mapToRegistry   name: 'bower',
49 silly mapToRegistry   rawSpec: '',
49 silly mapToRegistry   spec: 'latest',
49 silly mapToRegistry   type: 'tag' }
50 silly mapToRegistry uri https://registry.npmjs.org/bower
51 verbose addNameTag registry:https://registry.npmjs.org/bower not in flight; fetching
52 verbose get https://registry.npmjs.org/bower not expired, no request
53 silly addNameTag next cb for bower with tag latest
54 silly addNamed bower@1.8.0
55 verbose addNamed "1.8.0" is a plain semver version for bower
56 silly cache afterAdd bower@1.8.0
57 verbose afterAdd /home/david/.npm/bower/1.8.0/package/package.json not in flight; writing
58 verbose correctMkdir /home/david/.npm correctMkdir not in flight; initializing
59 verbose afterAdd /home/david/.npm/bower/1.8.0/package/package.json written
60 silly loadAllDepsIntoIdealTree Finishing
61 silly loadIdealTree Finishing
62 silly currentTree lib
63 silly idealTree lib
63 silly idealTree └── bower@1.8.0
64 silly generateActionsToTake Starting
65 silly install generateActionsToTake
66 warn checkPermissions Missing write access to /usr/lib/node_modules
67 silly rollbackFailedOptional Starting
68 silly rollbackFailedOptional Finishing
69 silly runTopLevelLifecycles Finishing
70 silly install printInstalled
71 verbose stack Error: EACCES: permission denied, access '/usr/lib/node_modules'
72 verbose cwd /home/david/Coding/not_google_plus/thinkster_django_angular_boilerplate
73 error Linux 4.4.0-57-generic
74 error argv "/usr/bin/nodejs" "/usr/bin/npm" "install" "-g" "bower"
75 error node v7.4.0
76 error npm  v4.0.5
77 error path /usr/lib/node_modules
78 error code EACCES
79 error errno -13
80 error syscall access
81 error Error: EACCES: permission denied, access '/usr/lib/node_modules'
81 error  { Error: EACCES: permission denied, access '/usr/lib/node_modules'
81 error   errno: -13,
81 error   code: 'EACCES',
81 error   syscall: 'access',
81 error   path: '/usr/lib/node_modules' }
82 error Please try running this command again as root/Administrator.
83 verbose exit [ -13, true ]
